app/build/intermediates/manifest_merge_blame_file/debug/manifest-merger-blame-debug-report.txt
1<?xml version="1.0" encoding="utf-8"?>
2<manifest xmlns:android="http://schemas.android.com/apk/res/android"
3    package="com.example.rankingu"
4    android:versionCode="1"
5    android:versionName="1.0" >
6
7    <uses-sdk
8        android:minSdkVersion="16"
8-->src\main\AndroidManifest.xml
9        android:targetSdkVersion="29" />
9-->src\main\AndroidManifest.xml
10
11    <uses-permission android:name="android.permission.INTERNET" />
11-->src\main\AndroidManifest.xml:5:5-67
11-->src\main\AndroidManifest.xml:5:22-64
12
13    <!-- Although the *SdkVersion is captured in gradle build files, this is required for non gradle builds -->
14    <!-- <uses-sdk android:minSdkVersion="14" /> -->
15    <uses-permission android:name="android.permission.ACCESS_NETWORK_STATE" />
15-->[com.google.firebase:firebase-firestore:22.1.1] AndroidManifest.xml:13:5-79
15-->[com.google.firebase:firebase-firestore:22.1.1] AndroidManifest.xml:13:22-76
16
17    <application
17-->src\main\AndroidManifest.xml:7:5-55:19
18        android:name="androidx.multidex.MultiDexApplication"
19        android:allowBackup="true"
19-->src\main\AndroidManifest.xml:8:9-35
20        android:appComponentFactory="androidx.core.app.CoreComponentFactory"
20-->[androidx.core:core:1.0.1] AndroidManifest.xml:22:18-86
21        android:debuggable="true"
22        android:icon="@mipmap/logo"
22-->src\main\AndroidManifest.xml:9:9-36
23        android:label="@string/app_name"
23-->src\main\AndroidManifest.xml:10:9-41
24        android:roundIcon="@mipmap/logo"
24-->src\main\AndroidManifest.xml:11:9-41
25        android:supportsRtl="true"
25-->src\main\AndroidManifest.xml:12:9-35
26        android:testOnly="true"
27        android:theme="@style/AppTheme" >
27-->src\main\AndroidManifest.xml:13:9-40
28        <activity android:name="com.example.rankingu.ui.mainScreen" />
28-->src\main\AndroidManifest.xml:14:9-60
28-->src\main\AndroidManifest.xml:14:19-48
29        <activity android:name="com.example.rankingu.ui.SignUp_Estudiante" />
29-->src\main\AndroidManifest.xml:15:9-58
29-->src\main\AndroidManifest.xml:15:19-55
30        <activity android:name="com.example.rankingu.ui.SignUp_Profesor_AgregarMateriasSuccess" />
30-->src\main\AndroidManifest.xml:16:9-79
30-->src\main\AndroidManifest.xml:16:19-76
31        <activity android:name="com.example.rankingu.ui.SignUp_Profesor_AgregarMaterias" />
31-->src\main\AndroidManifest.xml:17:9-72
31-->src\main\AndroidManifest.xml:17:19-69
32        <activity android:name="com.example.rankingu.ui.SignUp_Profesor" />
32-->src\main\AndroidManifest.xml:18:9-56
32-->src\main\AndroidManifest.xml:18:19-53
33        <activity android:name="com.example.rankingu.ui.SignUp" />
33-->src\main\AndroidManifest.xml:19:9-47
33-->src\main\AndroidManifest.xml:19:19-44
34        <activity android:name="com.example.rankingu.ui.landing" />
34-->src\main\AndroidManifest.xml:20:9-48
34-->src\main\AndroidManifest.xml:20:19-45
35        <activity android:name="com.example.rankingu.ui.logIn" />
35-->src\main\AndroidManifest.xml:21:9-46
35-->src\main\AndroidManifest.xml:21:19-43
36        <activity android:name="com.example.rankingu.ui.RegisterActivity" />
36-->src\main\AndroidManifest.xml:22:9-57
36-->src\main\AndroidManifest.xml:22:19-54
37        <activity android:name="com.example.rankingu.ui.MainActivity" />
37-->src\main\AndroidManifest.xml:23:9-53
37-->src\main\AndroidManifest.xml:23:19-50
38        <activity
38-->src\main\AndroidManifest.xml:24:9-33:20
39            android:name="com.example.rankingu.ui.LoginActivity"
39-->src\main\AndroidManifest.xml:25:13-45
40            android:label="@string/app_name"
40-->src\main\AndroidManifest.xml:26:13-45
41            android:theme="@style/AppTheme.NoActionBar" >
41-->src\main\AndroidManifest.xml:27:13-56
42            <intent-filter>
42-->src\main\AndroidManifest.xml:28:13-32:29
43                <action android:name="android.intent.action.MAIN" />
43-->src\main\AndroidManifest.xml:29:17-69
43-->src\main\AndroidManifest.xml:29:25-66
44
45                <category android:name="android.intent.category.LAUNCHER" />
45-->src\main\AndroidManifest.xml:31:17-77
45-->src\main\AndroidManifest.xml:31:27-74
46            </intent-filter>
47        </activity>
48
49        <meta-data
49-->src\main\AndroidManifest.xml:35:9-37:55
50            android:name="com.facebook.sdk.ApplicationId"
50-->src\main\AndroidManifest.xml:36:13-58
51            android:value="@string/facebook_app_id" />
51-->src\main\AndroidManifest.xml:37:13-52
52
53        <activity
53-->src\main\AndroidManifest.xml:39:9-42:48
54            android:name="com.facebook.FacebookActivity"
54-->src\main\AndroidManifest.xml:40:13-57
55            android:configChanges="keyboard|keyboardHidden|screenLayout|screenSize|orientation"
55-->src\main\AndroidManifest.xml:41:13-96
56            android:label="@string/app_name"
56-->src\main\AndroidManifest.xml:42:13-45
57            android:theme="@style/com_facebook_activity_theme" />
57-->[com.facebook.android:facebook-common:5.1.1] AndroidManifest.xml:32:13-63
58        <activity
58-->src\main\AndroidManifest.xml:43:9-54:20
59            android:name="com.facebook.CustomTabActivity"
59-->src\main\AndroidManifest.xml:44:13-58
60            android:exported="true" >
60-->src\main\AndroidManifest.xml:45:13-36
61            <intent-filter>
61-->src\main\AndroidManifest.xml:46:13-53:29
62                <action android:name="android.intent.action.VIEW" />
62-->src\main\AndroidManifest.xml:47:17-69
62-->src\main\AndroidManifest.xml:47:25-66
63
64                <category android:name="android.intent.category.DEFAULT" />
64-->src\main\AndroidManifest.xml:49:17-76
64-->src\main\AndroidManifest.xml:49:27-73
65                <category android:name="android.intent.category.BROWSABLE" />
65-->src\main\AndroidManifest.xml:50:17-78
65-->src\main\AndroidManifest.xml:50:27-75
66
67                <data android:scheme="@string/fb_login_protocol_scheme" />
67-->src\main\AndroidManifest.xml:52:17-75
67-->src\main\AndroidManifest.xml:52:23-72
68            </intent-filter>
69        </activity>
70        <activity
70-->[com.google.android.gms:play-services-auth:17.0.0] AndroidManifest.xml:23:9-27:75
71            android:name="com.google.android.gms.auth.api.signin.internal.SignInHubActivity"
71-->[com.google.android.gms:play-services-auth:17.0.0] AndroidManifest.xml:24:13-93
72            android:excludeFromRecents="true"
72-->[com.google.android.gms:play-services-auth:17.0.0] AndroidManifest.xml:25:13-46
73            android:exported="false"
73-->[com.google.android.gms:play-services-auth:17.0.0] AndroidManifest.xml:26:13-37
74            android:theme="@android:style/Theme.Translucent.NoTitleBar" />
74-->[com.google.android.gms:play-services-auth:17.0.0] AndroidManifest.xml:27:13-72
75        <!--
76            Service handling Google Sign-In user revocation. For apps that do not integrate with
77            Google Sign-In, this service will never be started.
78        -->
79        <service
79-->[com.google.android.gms:play-services-auth:17.0.0] AndroidManifest.xml:33:9-36:110
80            android:name="com.google.android.gms.auth.api.signin.RevocationBoundService"
80-->[com.google.android.gms:play-services-auth:17.0.0] AndroidManifest.xml:34:13-89
81            android:exported="true"
81-->[com.google.android.gms:play-services-auth:17.0.0] AndroidManifest.xml:35:13-36
82            android:permission="com.google.android.gms.auth.api.signin.permission.REVOCATION_NOTIFICATION" />
82-->[com.google.android.gms:play-services-auth:17.0.0] AndroidManifest.xml:36:13-107
83
84        <activity android:name="com.facebook.CustomTabMainActivity" />
84-->[com.facebook.android:facebook-common:5.1.1] AndroidManifest.xml:33:9-71
84-->[com.facebook.android:facebook-common:5.1.1] AndroidManifest.xml:33:19-68
85
86        <service
86-->[com.google.firebase:firebase-firestore:22.1.1] AndroidManifest.xml:17:9-23:19
87            android:name="com.google.firebase.components.ComponentDiscoveryService"
87-->[com.google.firebase:firebase-firestore:22.1.1] AndroidManifest.xml:18:13-84
88            android:directBootAware="true"
88-->[com.google.firebase:firebase-common:19.5.0] AndroidManifest.xml:35:13-43
89            android:exported="false" >
89-->[com.google.firebase:firebase-firestore:22.1.1] AndroidManifest.xml:19:13-37
90            <meta-data
90-->[com.google.firebase:firebase-firestore:22.1.1] AndroidManifest.xml:20:13-22:85
91                android:name="com.google.firebase.components:com.google.firebase.firestore.FirestoreRegistrar"
91-->[com.google.firebase:firebase-firestore:22.1.1] AndroidManifest.xml:21:17-111
92                android:value="com.google.firebase.components.ComponentRegistrar" />
92-->[com.google.firebase:firebase-firestore:22.1.1] AndroidManifest.xml:22:17-82
93            <meta-data
93-->[com.google.firebase:firebase-auth:20.0.3] AndroidManifest.xml:77:13-79:85
94                android:name="com.google.firebase.components:com.google.firebase.auth.FirebaseAuthRegistrar"
94-->[com.google.firebase:firebase-auth:20.0.3] AndroidManifest.xml:78:17-109
95                android:value="com.google.firebase.components.ComponentRegistrar" />
95-->[com.google.firebase:firebase-auth:20.0.3] AndroidManifest.xml:79:17-82
96            <!--
97                This registrar is not defined in the dynamic-module-support sdk itself to allow non-firebase
98                clients to use it as well, by defining this registrar in their own core/common library.
99            -->
100            <meta-data
100-->[com.google.firebase:firebase-common:19.5.0] AndroidManifest.xml:43:13-45:85
101                android:name="com.google.firebase.components:com.google.firebase.dynamicloading.DynamicLoadingRegistrar"
101-->[com.google.firebase:firebase-common:19.5.0] AndroidManifest.xml:44:17-121
102                android:value="com.google.firebase.components.ComponentRegistrar" />
102-->[com.google.firebase:firebase-common:19.5.0] AndroidManifest.xml:45:17-82
103        </service>
104
105        <activity
105-->[com.google.firebase:firebase-auth:20.0.3] AndroidManifest.xml:27:9-44:20
106            android:name="com.google.firebase.auth.internal.GenericIdpActivity"
106-->[com.google.firebase:firebase-auth:20.0.3] AndroidManifest.xml:28:13-80
107            android:excludeFromRecents="true"
107-->[com.google.firebase:firebase-auth:20.0.3] AndroidManifest.xml:29:13-46
108            android:exported="true"
108-->[com.google.firebase:firebase-auth:20.0.3] AndroidManifest.xml:30:13-36
109            android:launchMode="singleTask"
109-->[com.google.firebase:firebase-auth:20.0.3] AndroidManifest.xml:31:13-44
110            android:theme="@android:style/Theme.Translucent.NoTitleBar" >
110-->[com.google.firebase:firebase-auth:20.0.3] AndroidManifest.xml:32:13-72
111            <intent-filter>
111-->[com.google.firebase:firebase-auth:20.0.3] AndroidManifest.xml:33:13-43:29
112                <action android:name="android.intent.action.VIEW" />
112-->src\main\AndroidManifest.xml:47:17-69
112-->src\main\AndroidManifest.xml:47:25-66
113
114                <category android:name="android.intent.category.DEFAULT" />
114-->src\main\AndroidManifest.xml:49:17-76
114-->src\main\AndroidManifest.xml:49:27-73
115                <category android:name="android.intent.category.BROWSABLE" />
115-->src\main\AndroidManifest.xml:50:17-78
115-->src\main\AndroidManifest.xml:50:27-75
116
117                <data
117-->src\main\AndroidManifest.xml:52:17-75
118                    android:host="firebase.auth"
119                    android:path="/"
120                    android:scheme="genericidp" />
120-->src\main\AndroidManifest.xml:52:23-72
121            </intent-filter>
122        </activity>
123        <activity
123-->[com.google.firebase:firebase-auth:20.0.3] AndroidManifest.xml:45:9-62:20
124            android:name="com.google.firebase.auth.internal.RecaptchaActivity"
124-->[com.google.firebase:firebase-auth:20.0.3] AndroidManifest.xml:46:13-79
125            android:excludeFromRecents="true"
125-->[com.google.firebase:firebase-auth:20.0.3] AndroidManifest.xml:47:13-46
126            android:exported="true"
126-->[com.google.firebase:firebase-auth:20.0.3] AndroidManifest.xml:48:13-36
127            android:launchMode="singleTask"
127-->[com.google.firebase:firebase-auth:20.0.3] AndroidManifest.xml:49:13-44
128            android:theme="@android:style/Theme.Translucent.NoTitleBar" >
128-->[com.google.firebase:firebase-auth:20.0.3] AndroidManifest.xml:50:13-72
129            <intent-filter>
129-->[com.google.firebase:firebase-auth:20.0.3] AndroidManifest.xml:51:13-61:29
130                <action android:name="android.intent.action.VIEW" />
130-->src\main\AndroidManifest.xml:47:17-69
130-->src\main\AndroidManifest.xml:47:25-66
131
132                <category android:name="android.intent.category.DEFAULT" />
132-->src\main\AndroidManifest.xml:49:17-76
132-->src\main\AndroidManifest.xml:49:27-73
133                <category android:name="android.intent.category.BROWSABLE" />
133-->src\main\AndroidManifest.xml:50:17-78
133-->src\main\AndroidManifest.xml:50:27-75
134
135                <data
135-->src\main\AndroidManifest.xml:52:17-75
136                    android:host="firebase.auth"
137                    android:path="/"
138                    android:scheme="recaptcha" />
138-->src\main\AndroidManifest.xml:52:23-72
139            </intent-filter>
140        </activity>
141
142        <service
142-->[com.google.firebase:firebase-auth:20.0.3] AndroidManifest.xml:64:9-73:19
143            android:name="com.google.firebase.auth.api.fallback.service.FirebaseAuthFallbackService"
143-->[com.google.firebase:firebase-auth:20.0.3] AndroidManifest.xml:65:13-101
144            android:enabled="true"
144-->[com.google.firebase:firebase-auth:20.0.3] AndroidManifest.xml:66:13-35
145            android:exported="false" >
145-->[com.google.firebase:firebase-auth:20.0.3] AndroidManifest.xml:67:13-37
146            <intent-filter>
146-->[com.google.firebase:firebase-auth:20.0.3] AndroidManifest.xml:68:13-72:29
147                <action android:name="com.google.firebase.auth.api.gms.service.START" />
147-->[com.google.firebase:firebase-auth:20.0.3] AndroidManifest.xml:69:17-89
147-->[com.google.firebase:firebase-auth:20.0.3] AndroidManifest.xml:69:25-86
148
149                <category android:name="android.intent.category.DEFAULT" />
149-->src\main\AndroidManifest.xml:49:17-76
149-->src\main\AndroidManifest.xml:49:27-73
150            </intent-filter>
151        </service>
152
153        <activity
153-->[com.google.android.gms:play-services-base:17.1.0] AndroidManifest.xml:23:9-26:75
154            android:name="com.google.android.gms.common.api.GoogleApiActivity"
154-->[com.google.android.gms:play-services-base:17.1.0] AndroidManifest.xml:24:13-79
155            android:exported="false"
155-->[com.google.android.gms:play-services-base:17.1.0] AndroidManifest.xml:25:13-37
156            android:theme="@android:style/Theme.Translucent.NoTitleBar" />
156-->[com.google.android.gms:play-services-base:17.1.0] AndroidManifest.xml:26:13-72
157
158        <provider
158-->[com.google.firebase:firebase-common:19.5.0] AndroidManifest.xml:26:9-31:39
159            android:name="com.google.firebase.provider.FirebaseInitProvider"
159-->[com.google.firebase:firebase-common:19.5.0] AndroidManifest.xml:27:13-77
160            android:authorities="com.example.rankingu.firebaseinitprovider"
160-->[com.google.firebase:firebase-common:19.5.0] AndroidManifest.xml:28:13-72
161            android:directBootAware="true"
161-->[com.google.firebase:firebase-common:19.5.0] AndroidManifest.xml:29:13-43
162            android:exported="false"
162-->[com.google.firebase:firebase-common:19.5.0] AndroidManifest.xml:30:13-37
163            android:initOrder="100" />
163-->[com.google.firebase:firebase-common:19.5.0] AndroidManifest.xml:31:13-36
164
165        <meta-data
165-->[com.google.android.gms:play-services-basement:17.1.0] AndroidManifest.xml:23:9-25:69
166            android:name="com.google.android.gms.version"
166-->[com.google.android.gms:play-services-basement:17.1.0] AndroidManifest.xml:24:13-58
167            android:value="@integer/google_play_services_version" />
167-->[com.google.android.gms:play-services-basement:17.1.0] AndroidManifest.xml:25:13-66
168        <!--
169         The initialization ContentProvider will call FacebookSdk.sdkInitialize automatically
170         with the application context. This config is merged in with the host app's manifest,
171         but there can only be one provider with the same authority activated at any given
172         point; so if the end user has two or more different apps that use Facebook SDK, only the
173         first one will be able to use the provider. To work around this problem, we use the
174         following placeholder in the authority to identify each host application as if it was
175         a completely different provider.
176        -->
177        <provider
177-->[com.facebook.android:facebook-core:5.1.1] AndroidManifest.xml:39:9-42:40
178            android:name="com.facebook.internal.FacebookInitProvider"
178-->[com.facebook.android:facebook-core:5.1.1] AndroidManifest.xml:40:13-70
179            android:authorities="com.example.rankingu.FacebookInitProvider"
179-->[com.facebook.android:facebook-core:5.1.1] AndroidManifest.xml:41:13-72
180            android:exported="false" />
180-->[com.facebook.android:facebook-core:5.1.1] AndroidManifest.xml:42:13-37
181
182        <receiver
182-->[com.facebook.android:facebook-core:5.1.1] AndroidManifest.xml:44:9-50:20
183            android:name="com.facebook.CurrentAccessTokenExpirationBroadcastReceiver"
183-->[com.facebook.android:facebook-core:5.1.1] AndroidManifest.xml:45:13-86
184            android:exported="false" >
184-->[com.facebook.android:facebook-core:5.1.1] AndroidManifest.xml:46:13-37
185            <intent-filter>
185-->[com.facebook.android:facebook-core:5.1.1] AndroidManifest.xml:47:13-49:29
186                <action android:name="com.facebook.sdk.ACTION_CURRENT_ACCESS_TOKEN_CHANGED" />
186-->[com.facebook.android:facebook-core:5.1.1] AndroidManifest.xml:48:17-95
186-->[com.facebook.android:facebook-core:5.1.1] AndroidManifest.xml:48:25-92
187            </intent-filter>
188        </receiver>
189        <receiver
189-->[com.facebook.android:facebook-core:5.1.1] AndroidManifest.xml:51:9-58:20
190            android:name="com.facebook.CampaignTrackingReceiver"
190-->[com.facebook.android:facebook-core:5.1.1] AndroidManifest.xml:52:13-65
191            android:exported="true"
191-->[com.facebook.android:facebook-core:5.1.1] AndroidManifest.xml:53:13-36
192            android:permission="android.permission.INSTALL_PACKAGES" >
192-->[com.facebook.android:facebook-core:5.1.1] AndroidManifest.xml:54:13-69
193            <intent-filter>
193-->[com.facebook.android:facebook-core:5.1.1] AndroidManifest.xml:55:13-57:29
194                <action android:name="com.android.vending.INSTALL_REFERRER" />
194-->[com.facebook.android:facebook-core:5.1.1] AndroidManifest.xml:56:17-79
194-->[com.facebook.android:facebook-core:5.1.1] AndroidManifest.xml:56:25-76
195            </intent-filter>
196        </receiver>
197
198        <provider
198-->[androidx.lifecycle:lifecycle-process:2.0.0] AndroidManifest.xml:23:9-27:43
199            android:name="androidx.lifecycle.ProcessLifecycleOwnerInitializer"
199-->[androidx.lifecycle:lifecycle-process:2.0.0] AndroidManifest.xml:24:13-79
200            android:authorities="com.example.rankingu.lifecycle-process"
200-->[androidx.lifecycle:lifecycle-process:2.0.0] AndroidManifest.xml:25:13-69
201            android:exported="false"
201-->[androidx.lifecycle:lifecycle-process:2.0.0] AndroidManifest.xml:26:13-37
202            android:multiprocess="true" />
202-->[androidx.lifecycle:lifecycle-process:2.0.0] AndroidManifest.xml:27:13-40
203    </application>
204
205</manifest>